# JRE version: OpenJDK Runtime Environment (17.0.7) (build 17.0.7+0-b2043.56-10550314)
# Java VM: OpenJDK 64-Bit Server VM (17.0.7+0-b2043.56-10550314, mixed mode, tiered, compressed oops, compressed class ptrs, g1 gc, windows-amd64)
GC Precious Log:
 CPUs: 8 total, 8 available
 Memory: 8036M
 Large Page Support: Disabled
 NUMA Support: Disabled
 Compressed Oops: Enabled (32-bit)
 Heap Region Size: 1M
 Heap Min Capacity: 8M
 Heap Initial Capacity: 126M
 Heap Max Capacity: 2G
 Pre-touch: Disabled
 Parallel Workers: 8
 Concurrent Workers: 2
 Concurrent Refinement Workers: 8
 Periodic GC: Disabled
Heap:
 garbage-first heap   total 304128K, used 136997K [0x0000000080000000, 0x0000000100000000)
  region size 1024K, 2 young (2048K), 2 survivors (2048K)
 Metaspace       used 139891K, committed 141184K, reserved 1179648K
  class space    used 19121K, committed 19776K, reserved 1048576K
GC Heap History (20 events):
Event: 2654.096 GC heap after
{Heap after GC invocations=107 (full 0):
 garbage-first heap   total 304128K, used 129829K [0x0000000080000000, 0x0000000100000000)
  region size 1024K, 2 young (2048K), 2 survivors (2048K)
 Metaspace       used 131133K, committed 132096K, reserved 1179648K
  class space    used 18088K, committed 18560K, reserved 1048576K
}
Event: 2654.197 GC heap before
{Heap before GC invocations=107 (full 0):
 garbage-first heap   total 304128K, used 141093K [0x0000000080000000, 0x0000000100000000)
  region size 1024K, 14 young (14336K), 2 survivors (2048K)
 Metaspace       used 131750K, committed 132672K, reserved 1179648K
  class space    used 18157K, committed 18624K, reserved 1048576K
}
Event: 2654.212 GC heap after
{Heap after GC invocations=108 (full 0):
 garbage-first heap   total 304128K, used 126440K [0x0000000080000000, 0x0000000100000000)
  region size 1024K, 1 young (1024K), 1 survivors (1024K)
 Metaspace       used 131750K, committed 132672K, reserved 1179648K
  class space    used 18157K, committed 18624K, reserved 1048576K
}
Event: 2810.422 GC heap before
{Heap before GC invocations=108 (full 0):
 garbage-first heap   total 304128K, used 289256K [0x0000000080000000, 0x0000000100000000)
  region size 1024K, 110 young (112640K), 1 survivors (1024K)
 Metaspace       used 137004K, committed 137984K, reserved 1179648K
  class space    used 18968K, committed 19456K, reserved 1048576K
}
Event: 2810.571 GC heap after
{Heap after GC invocations=109 (full 0):
 garbage-first heap   total 304128K, used 130274K [0x0000000080000000, 0x0000000100000000)
  region size 1024K, 5 young (5120K), 5 survivors (5120K)
 Metaspace       used 137004K, committed 137984K, reserved 1179648K
  class space    used 18968K, committed 19456K, reserved 1048576K
}
Event: 2906.180 GC heap before
{Heap before GC invocations=110 (full 0):
 garbage-first heap   total 304128K, used 252130K [0x0000000080000000, 0x0000000100000000)
  region size 1024K, 124 young (126976K), 5 survivors (5120K)
 Metaspace       used 137368K, committed 138368K, reserved 1179648K
  class space    used 18972K, committed 19456K, reserved 1048576K
}
Event: 2906.319 GC heap after
{Heap after GC invocations=111 (full 0):
 garbage-first heap   total 304128K, used 135263K [0x0000000080000000, 0x0000000100000000)
  region size 1024K, 10 young (10240K), 10 survivors (10240K)
 Metaspace       used 137368K, committed 138368K, reserved 1179648K
  class space    used 18972K, committed 19456K, reserved 1048576K
}
Event: 2906.382 GC heap before
{Heap before GC invocations=111 (full 0):
 garbage-first heap   total 304128K, used 138335K [0x0000000080000000, 0x0000000100000000)
  region size 1024K, 14 young (14336K), 10 survivors (10240K)
 Metaspace       used 137370K, committed 138368K, reserved 1179648K
  class space    used 18972K, committed 19456K, reserved 1048576K
}
Event: 2906.522 GC heap after
{Heap after GC invocations=112 (full 0):
 garbage-first heap   total 304128K, used 133534K [0x0000000080000000, 0x0000000100000000)
  region size 1024K, 2 young (2048K), 2 survivors (2048K)
 Metaspace       used 137370K, committed 138368K, reserved 1179648K
  class space    used 18972K, committed 19456K, reserved 1048576K
}
Event: 4413.481 GC heap before
{Heap before GC invocations=112 (full 0):
 garbage-first heap   total 304128K, used 265630K [0x0000000080000000, 0x0000000100000000)
  region size 1024K, 118 young (120832K), 2 survivors (2048K)
 Metaspace       used 138211K, committed 139264K, reserved 1179648K
  class space    used 18992K, committed 19520K, reserved 1048576K
}
Event: 4413.597 GC heap after
{Heap after GC invocations=113 (full 0):
 garbage-first heap   total 304128K, used 135948K [0x0000000080000000, 0x0000000100000000)
  region size 1024K, 4 young (4096K), 4 survivors (4096K)
 Metaspace       used 138211K, committed 139264K, reserved 1179648K
  class space    used 18992K, committed 19520K, reserved 1048576K
}
Event: 5349.324 GC heap before
{Heap before GC invocations=113 (full 0):
 garbage-first heap   total 304128K, used 253708K [0x0000000080000000, 0x0000000100000000)
  region size 1024K, 120 young (122880K), 4 survivors (4096K)
 Metaspace       used 138597K, committed 139648K, reserved 1179648K
  class space    used 19003K, committed 19520K, reserved 1048576K
}
Event: 5349.489 GC heap after
{Heap after GC invocations=114 (full 0):
 garbage-first heap   total 304128K, used 136532K [0x0000000080000000, 0x0000000100000000)
  region size 1024K, 5 young (5120K), 5 survivors (5120K)
 Metaspace       used 138597K, committed 139648K, reserved 1179648K
  class space    used 19003K, committed 19520K, reserved 1048576K
}
Event: 5365.100 GC heap before
{Heap before GC invocations=114 (full 0):
 garbage-first heap   total 304128K, used 255316K [0x0000000080000000, 0x0000000100000000)
  region size 1024K, 122 young (124928K), 5 survivors (5120K)
 Metaspace       used 139661K, committed 140992K, reserved 1179648K
  class space    used 19136K, committed 19776K, reserved 1048576K
}
Event: 5365.141 GC heap after
{Heap after GC invocations=115 (full 0):
 garbage-first heap   total 304128K, used 143706K [0x0000000080000000, 0x0000000100000000)
  region size 1024K, 12 young (12288K), 12 survivors (12288K)
 Metaspace       used 139661K, committed 140992K, reserved 1179648K
  class space    used 19136K, committed 19776K, reserved 1048576K
}
Event: 5735.550 GC heap before
{Heap before GC invocations=116 (full 0):
 garbage-first heap   total 304128K, used 266586K [0x0000000080000000, 0x0000000100000000)
  region size 1024K, 119 young (121856K), 12 survivors (12288K)
 Metaspace       used 139877K, committed 141120K, reserved 1179648K
  class space    used 19121K, committed 19776K, reserved 1048576K
}
Event: 5736.104 GC heap after
{Heap after GC invocations=117 (full 0):
 garbage-first heap   total 304128K, used 144511K [0x0000000080000000, 0x0000000100000000)
  region size 1024K, 3 young (3072K), 3 survivors (3072K)
 Metaspace       used 139877K, committed 141120K, reserved 1179648K
  class space    used 19121K, committed 19776K, reserved 1048576K
}
Event: 5736.966 GC heap before
{Heap before GC invocations=117 (full 0):
 garbage-first heap   total 304128K, used 154751K [0x0000000080000000, 0x0000000100000000)
  region size 1024K, 14 young (14336K), 3 survivors (3072K)
 Metaspace       used 139877K, committed 141120K, reserved 1179648K
  class space    used 19121K, committed 19776K, reserved 1048576K
}
Event: 5737.147 GC heap after
{Heap after GC invocations=118 (full 0):
 garbage-first heap   total 304128K, used 138240K [0x0000000080000000, 0x0000000100000000)
  region size 1024K, 2 young (2048K), 2 survivors (2048K)
 Metaspace       used 139877K, committed 141120K, reserved 1179648K
  class space    used 19121K, committed 19776K, reserved 1048576K
}
Event: 5738.182 GC heap before
{Heap before GC invocations=118 (full 0):
 garbage-first heap   total 304128K, used 149504K [0x0000000080000000, 0x0000000100000000)
  region size 1024K, 14 young (14336K), 2 survivors (2048K)
 Metaspace       used 139891K, committed 141184K, reserved 1179648K
  class space    used 19121K, committed 19776K, reserved 1048576K
}

